2014-10-19 16:05:25,512 [Worker-11] INFO  c.n.h.c.p.n.NettyAsyncHttpProvider - Number of application's worked threads is 8
2014-10-19 16:05:25,959 [New I/O client worker #1-1] INFO  o.e.m.c.i.e.AbstractTransferListenerAdapter - Downloading http://repo.maven.apache.org/maven2/org/apache/maven/plugins/maven-site-plugin/3.0/maven-site-plugin-3.0.jar
2014-10-19 16:05:26,199 [New I/O client worker #1-1] INFO  o.e.m.c.i.e.AbstractTransferListenerAdapter - Downloaded http://repo.maven.apache.org/maven2/org/apache/maven/plugins/maven-site-plugin/3.0/maven-site-plugin-3.0.jar
2014-10-19 16:05:28,804 [Worker-11] INFO  o.e.m.c.i.l.LifecycleMappingFactory - Using org.maven.ide.eclipse.wtp.WarLifecycleMapping lifecycle mapping for MavenProject: com.example.basicstruts:basic_struts:0.0.1-SNAPSHOT @ C:\Users\carlos\workspace\basicstruts\pom.xml.
2014-10-19 16:05:32,720 [Worker-11] WARN  o.e.m.c.i.embedder.EclipseLogger - Using platform encoding (Cp1252 actually) to copy filtered resources, i.e. build is platform dependent!
2014-10-19 16:05:32,721 [Worker-10] INFO  o.e.m.c.i.l.LifecycleMappingFactory - Using org.maven.ide.eclipse.wtp.WarLifecycleMapping lifecycle mapping for MavenProject: com.example.basicstruts:basic_struts:0.0.1-SNAPSHOT @ C:\Users\carlos\workspace\basicstruts\pom.xml.
2014-10-19 16:05:32,735 [Worker-11] INFO  o.e.m.c.i.embedder.EclipseLogger - Copying 2 resources
2014-10-19 16:05:32,746 [Worker-11] WARN  o.e.m.c.i.embedder.EclipseLogger - Using platform encoding (Cp1252 actually) to copy filtered resources, i.e. build is platform dependent!
2014-10-19 16:05:32,748 [Worker-11] INFO  o.e.m.c.i.embedder.EclipseLogger - skip non existing resourceDirectory C:\Users\carlos\workspace\basicstruts\src\test\resources
2014-10-19 16:05:33,075 [Worker-10] INFO  o.e.m.c.i.l.LifecycleMappingFactory - Using org.maven.ide.eclipse.wtp.WarLifecycleMapping lifecycle mapping for MavenProject: com.example.basicstruts:basic_struts:0.0.1-SNAPSHOT @ C:\Users\carlos\workspace\basicstruts\pom.xml.
2014-10-19 16:05:34,167 [Worker-13] WARN  o.e.m.c.i.embedder.EclipseLogger - Using platform encoding (Cp1252 actually) to copy filtered resources, i.e. build is platform dependent!
2014-10-19 16:05:34,349 [Worker-13] INFO  o.e.m.c.i.embedder.EclipseLogger - Copying 0 resource
2014-10-19 16:05:34,352 [Worker-13] WARN  o.e.m.c.i.embedder.EclipseLogger - Using platform encoding (Cp1252 actually) to copy filtered resources, i.e. build is platform dependent!
2014-10-19 16:05:34,354 [Worker-13] INFO  o.e.m.c.i.embedder.EclipseLogger - skip non existing resourceDirectory C:\Users\carlos\workspace\basicstruts\src\test\resources
2014-10-19 16:05:41,836 [Worker-10] INFO  o.e.m.i.launch.MavenLaunchDelegate - C:\Users\carlos\workspace\basicstruts
2014-10-19 16:05:41,836 [Worker-10] INFO  o.e.m.i.launch.MavenLaunchDelegate -  mvn  -B clean
2014-10-19 16:05:45,633 [Worker-9] WARN  o.e.m.c.i.embedder.EclipseLogger - Using platform encoding (Cp1252 actually) to copy filtered resources, i.e. build is platform dependent!
2014-10-19 16:05:45,639 [Worker-9] INFO  o.e.m.c.i.embedder.EclipseLogger - Copying 2 resources
2014-10-19 16:05:45,649 [Worker-9] WARN  o.e.m.c.i.embedder.EclipseLogger - Using platform encoding (Cp1252 actually) to copy filtered resources, i.e. build is platform dependent!
2014-10-19 16:05:45,650 [Worker-9] INFO  o.e.m.c.i.embedder.EclipseLogger - skip non existing resourceDirectory C:\Users\carlos\workspace\basicstruts\src\test\resources
2014-10-19 16:05:50,323 [Worker-9] INFO  o.e.m.i.launch.MavenLaunchDelegate - C:\Users\carlos\workspace\basicstruts
2014-10-19 16:05:50,323 [Worker-9] INFO  o.e.m.i.launch.MavenLaunchDelegate -  mvn  -B install
2014-10-19 16:06:18,102 [Worker-1] INFO  o.e.m.c.i.p.ProjectConfigurationManager - Update started
2014-10-19 16:06:18,181 [Worker-1] INFO  o.e.m.c.i.l.LifecycleMappingFactory - Using org.maven.ide.eclipse.wtp.WarLifecycleMapping lifecycle mapping for MavenProject: com.example.basicstruts:basic_struts:0.0.1-SNAPSHOT @ C:\Users\carlos\workspace\basicstruts\pom.xml.
2014-10-19 16:06:18,627 [Worker-1] INFO  o.e.m.j.i.AbstractJavaProjectConfigurator - Adding source folder /basicstruts/src/main/java
2014-10-19 16:06:18,628 [Worker-1] INFO  o.e.m.j.i.AbstractJavaProjectConfigurator - Adding resource folder /basicstruts/src/main/resources
2014-10-19 16:06:18,629 [Worker-1] INFO  o.e.m.j.i.AbstractJavaProjectConfigurator - Adding source folder /basicstruts/src/test/java
2014-10-19 16:06:19,238 [Worker-1] INFO  o.e.m.w.i.f.ResourceFilteringBuildParticipant - Cleaning filtered folder for basicstruts
2014-10-19 16:06:19,247 [Worker-1] INFO  o.e.m.c.i.p.ProjectConfigurationManager - Update completed: 1 sec
2014-10-19 16:06:19,577 [Worker-13] INFO  o.e.m.c.i.l.LifecycleMappingFactory - Using org.maven.ide.eclipse.wtp.WarLifecycleMapping lifecycle mapping for MavenProject: com.example.basicstruts:basic_struts:0.0.1-SNAPSHOT @ C:\Users\carlos\workspace\basicstruts\pom.xml.
2014-10-19 16:06:20,066 [Worker-13] WARN  o.e.m.c.i.embedder.EclipseLogger - Using platform encoding (Cp1252 actually) to copy filtered resources, i.e. build is platform dependent!
2014-10-19 16:06:20,069 [Worker-13] INFO  o.e.m.c.i.embedder.EclipseLogger - Copying 2 resources
2014-10-19 16:06:20,077 [Worker-13] WARN  o.e.m.c.i.embedder.EclipseLogger - Using platform encoding (Cp1252 actually) to copy filtered resources, i.e. build is platform dependent!
2014-10-19 16:06:20,079 [Worker-13] INFO  o.e.m.c.i.embedder.EclipseLogger - skip non existing resourceDirectory C:\Users\carlos\workspace\basicstruts\src\test\resources
2014-10-19 16:06:28,949 [Worker-14] INFO  o.e.m.i.launch.MavenLaunchDelegate - C:\Users\carlos\workspace\basicstruts
2014-10-19 16:06:28,949 [Worker-14] INFO  o.e.m.i.launch.MavenLaunchDelegate -  mvn  -B clean
2014-10-19 16:06:32,235 [Worker-9] WARN  o.e.m.c.i.embedder.EclipseLogger - Using platform encoding (Cp1252 actually) to copy filtered resources, i.e. build is platform dependent!
2014-10-19 16:06:32,238 [Worker-9] INFO  o.e.m.c.i.embedder.EclipseLogger - Copying 2 resources
2014-10-19 16:06:32,244 [Worker-9] WARN  o.e.m.c.i.embedder.EclipseLogger - Using platform encoding (Cp1252 actually) to copy filtered resources, i.e. build is platform dependent!
2014-10-19 16:06:32,245 [Worker-9] INFO  o.e.m.c.i.embedder.EclipseLogger - skip non existing resourceDirectory C:\Users\carlos\workspace\basicstruts\src\test\resources
2014-10-19 16:06:37,806 [Worker-10] INFO  o.e.m.i.launch.MavenLaunchDelegate - C:\Users\carlos\workspace\basicstruts
2014-10-19 16:06:37,807 [Worker-10] INFO  o.e.m.i.launch.MavenLaunchDelegate -  mvn  -B install
2014-10-19 16:07:42,931 [Worker-1] INFO  o.e.m.i.launch.MavenLaunchDelegate - C:\Users\carlos\workspace\basicstruts
2014-10-19 16:07:42,932 [Worker-1] INFO  o.e.m.i.launch.MavenLaunchDelegate -  mvn  -B install
